<?xml version="1.0" encoding="UTF-8"?>
<testng-results ignored="0" total="1" passed="1" failed="0" skipped="0">
  <reporter-output>
  </reporter-output>
  <suite started-at="2023-01-05T22:56:07 IST" name="Default suite" finished-at="2023-01-05T22:56:52 IST" duration-ms="44392">
    <groups>
    </groups>
    <test started-at="2023-01-05T22:56:07 IST" name="Default test" finished-at="2023-01-05T22:56:52 IST" duration-ms="44392">
      <class name="advancedfeatures.dropdown">
        <test-method is-config="true" signature="beforeTest()[pri:0, instance:advancedfeatures.dropdown@d5b810e]" started-at="2023-01-05T22:56:07 IST" name="beforeTest" finished-at="2023-01-05T22:56:07 IST" duration-ms="19" status="PASS">
          <reporter-output>
          </reporter-output>
        </test-method> <!-- beforeTest -->
        <test-method signature="f()[pri:0, instance:advancedfeatures.dropdown@d5b810e]" started-at="2023-01-05T22:56:07 IST" name="f" finished-at="2023-01-05T22:56:07 IST" duration-ms="14" status="PASS">
          <reporter-output>
          </reporter-output>
        </test-method> <!-- f -->
        <test-method is-config="true" signature="afterTest()[pri:0, instance:advancedfeatures.dropdown@d5b810e]" started-at="2023-01-05T22:56:07 IST" name="afterTest" finished-at="2023-01-05T22:56:52 IST" duration-ms="44152" status="PASS">
          <reporter-output>
          </reporter-output>
        </test-method> <!-- afterTest -->
      </class> <!-- advancedfeatures.dropdown -->
    </test> <!-- Default test -->
  </suite> <!-- Default suite -->
</testng-results>
